Analysis & Synthesis report for 009_adder7seg
Tue Jan 10 16:49:09 2023
Quartus Prime Version 18.1.0 Build 625 09/12/2018 SJ Lite Edition


---------------------
; Table of Contents ;
---------------------
  1. Legal Notice
  2. Analysis & Synthesis Summary
  3. Analysis & Synthesis Settings
  4. Parallel Compilation
  5. Analysis & Synthesis Source Files Read
  6. Analysis & Synthesis Resource Usage Summary
  7. Analysis & Synthesis Resource Utilization by Entity
  8. State Machine - |main|uart_rx:uartRx|state
  9. Registers Removed During Synthesis
 10. General Register Statistics
 11. Multiplexer Restructuring Statistics (Restructuring Performed)
 12. Parameter Settings for User Entity Instance: counterNbit:seg2bitCounter
 13. Port Connectivity Checks: "servo_pwm:servoPWM1"
 14. Port Connectivity Checks: "counterNbit:seg2bitCounter"
 15. Port Connectivity Checks: "mux_quad_8to1:quadMux"
 16. Port Connectivity Checks: "clkdiv:clkdiv1"
 17. Port Connectivity Checks: "fa4:adder4bit"
 18. Port Connectivity Checks: "uart_rx:uartRx"
 19. Post-Synthesis Netlist Statistics for Top Partition
 20. Elapsed Time Per Partition
 21. Analysis & Synthesis Messages



----------------
; Legal Notice ;
----------------
Copyright (C) 2018  Intel Corporation. All rights reserved.
Your use of Intel Corporation's design tools, logic functions 
and other software and tools, and its AMPP partner logic 
functions, and any output files from any of the foregoing 
(including device programming or simulation files), and any 
associated documentation or information are expressly subject 
to the terms and conditions of the Intel Program License 
Subscription Agreement, the Intel Quartus Prime License Agreement,
the Intel FPGA IP License Agreement, or other applicable license
agreement, including, without limitation, that your use is for
the sole purpose of programming logic devices manufactured by
Intel and sold by Intel or its authorized distributors.  Please
refer to the applicable agreement for further details.



+----------------------------------------------------------------------------------+
; Analysis & Synthesis Summary                                                     ;
+------------------------------------+---------------------------------------------+
; Analysis & Synthesis Status        ; Successful - Tue Jan 10 16:49:08 2023       ;
; Quartus Prime Version              ; 18.1.0 Build 625 09/12/2018 SJ Lite Edition ;
; Revision Name                      ; 009_adder7seg                               ;
; Top-level Entity Name              ; main                                        ;
; Family                             ; Cyclone IV E                                ;
; Total logic elements               ; 156                                         ;
;     Total combinational functions  ; 131                                         ;
;     Dedicated logic registers      ; 79                                          ;
; Total registers                    ; 79                                          ;
; Total pins                         ; 27                                          ;
; Total virtual pins                 ; 0                                           ;
; Total memory bits                  ; 0                                           ;
; Embedded Multiplier 9-bit elements ; 0                                           ;
; Total PLLs                         ; 0                                           ;
+------------------------------------+---------------------------------------------+


+------------------------------------------------------------------------------------------------------------+
; Analysis & Synthesis Settings                                                                              ;
+------------------------------------------------------------------+--------------------+--------------------+
; Option                                                           ; Setting            ; Default Value      ;
+------------------------------------------------------------------+--------------------+--------------------+
; Device                                                           ; EP4CE6E22C8        ;                    ;
; Top-level entity name                                            ; main               ; 009_adder7seg      ;
; Family name                                                      ; Cyclone IV E       ; Cyclone V          ;
; Use smart compilation                                            ; Off                ; Off                ;
; Enable parallel Assembler and Timing Analyzer during compilation ; On                 ; On                 ;
; Enable compact report table                                      ; Off                ; Off                ;
; Restructure Multiplexers                                         ; Auto               ; Auto               ;
; Create Debugging Nodes for IP Cores                              ; Off                ; Off                ;
; Preserve fewer node names                                        ; On                 ; On                 ;
; Intel FPGA IP Evaluation Mode                                    ; Enable             ; Enable             ;
; Verilog Version                                                  ; Verilog_2001       ; Verilog_2001       ;
; VHDL Version                                                     ; VHDL_1993          ; VHDL_1993          ;
; State Machine Processing                                         ; Auto               ; Auto               ;
; Safe State Machine                                               ; Off                ; Off                ;
; Extract Verilog State Machines                                   ; On                 ; On                 ;
; Extract VHDL State Machines                                      ; On                 ; On                 ;
; Ignore Verilog initial constructs                                ; Off                ; Off                ;
; Iteration limit for constant Verilog loops                       ; 5000               ; 5000               ;
; Iteration limit for non-constant Verilog loops                   ; 250                ; 250                ;
; Add Pass-Through Logic to Inferred RAMs                          ; On                 ; On                 ;
; Infer RAMs from Raw Logic                                        ; On                 ; On                 ;
; Parallel Synthesis                                               ; On                 ; On                 ;
; DSP Block Balancing                                              ; Auto               ; Auto               ;
; NOT Gate Push-Back                                               ; On                 ; On                 ;
; Power-Up Don't Care                                              ; On                 ; On                 ;
; Remove Redundant Logic Cells                                     ; Off                ; Off                ;
; Remove Duplicate Registers                                       ; On                 ; On                 ;
; Ignore CARRY Buffers                                             ; Off                ; Off                ;
; Ignore CASCADE Buffers                                           ; Off                ; Off                ;
; Ignore GLOBAL Buffers                                            ; Off                ; Off                ;
; Ignore ROW GLOBAL Buffers                                        ; Off                ; Off                ;
; Ignore LCELL Buffers                                             ; Off                ; Off                ;
; Ignore SOFT Buffers                                              ; On                 ; On                 ;
; Limit AHDL Integers to 32 Bits                                   ; Off                ; Off                ;
; Optimization Technique                                           ; Balanced           ; Balanced           ;
; Carry Chain Length                                               ; 70                 ; 70                 ;
; Auto Carry Chains                                                ; On                 ; On                 ;
; Auto Open-Drain Pins                                             ; On                 ; On                 ;
; Perform WYSIWYG Primitive Resynthesis                            ; Off                ; Off                ;
; Auto ROM Replacement                                             ; On                 ; On                 ;
; Auto RAM Replacement                                             ; On                 ; On                 ;
; Auto DSP Block Replacement                                       ; On                 ; On                 ;
; Auto Shift Register Replacement                                  ; Auto               ; Auto               ;
; Allow Shift Register Merging across Hierarchies                  ; Auto               ; Auto               ;
; Auto Clock Enable Replacement                                    ; On                 ; On                 ;
; Strict RAM Replacement                                           ; Off                ; Off                ;
; Allow Synchronous Control Signals                                ; On                 ; On                 ;
; Force Use of Synchronous Clear Signals                           ; Off                ; Off                ;
; Auto RAM Block Balancing                                         ; On                 ; On                 ;
; Auto RAM to Logic Cell Conversion                                ; Off                ; Off                ;
; Auto Resource Sharing                                            ; Off                ; Off                ;
; Allow Any RAM Size For Recognition                               ; Off                ; Off                ;
; Allow Any ROM Size For Recognition                               ; Off                ; Off                ;
; Allow Any Shift Register Size For Recognition                    ; Off                ; Off                ;
; Use LogicLock Constraints during Resource Balancing              ; On                 ; On                 ;
; Ignore translate_off and synthesis_off directives                ; Off                ; Off                ;
; Timing-Driven Synthesis                                          ; On                 ; On                 ;
; Report Parameter Settings                                        ; On                 ; On                 ;
; Report Source Assignments                                        ; On                 ; On                 ;
; Report Connectivity Checks                                       ; On                 ; On                 ;
; Ignore Maximum Fan-Out Assignments                               ; Off                ; Off                ;
; Synchronization Register Chain Length                            ; 2                  ; 2                  ;
; Power Optimization During Synthesis                              ; Normal compilation ; Normal compilation ;
; HDL message level                                                ; Level2             ; Level2             ;
; Suppress Register Optimization Related Messages                  ; Off                ; Off                ;
; Number of Removed Registers Reported in Synthesis Report         ; 5000               ; 5000               ;
; Number of Swept Nodes Reported in Synthesis Report               ; 5000               ; 5000               ;
; Number of Inverted Registers Reported in Synthesis Report        ; 100                ; 100                ;
; Clock MUX Protection                                             ; On                 ; On                 ;
; Auto Gated Clock Conversion                                      ; Off                ; Off                ;
; Block Design Naming                                              ; Auto               ; Auto               ;
; SDC constraint protection                                        ; Off                ; Off                ;
; Synthesis Effort                                                 ; Auto               ; Auto               ;
; Shift Register Replacement - Allow Asynchronous Clear Signal     ; On                 ; On                 ;
; Pre-Mapping Resynthesis Optimization                             ; Off                ; Off                ;
; Analysis & Synthesis Message Level                               ; Medium             ; Medium             ;
; Disable Register Merging Across Hierarchies                      ; Auto               ; Auto               ;
; Resource Aware Inference For Block RAM                           ; On                 ; On                 ;
+------------------------------------------------------------------+--------------------+--------------------+


+------------------------------------------+
; Parallel Compilation                     ;
+----------------------------+-------------+
; Processors                 ; Number      ;
+----------------------------+-------------+
; Number detected on machine ; 8           ;
; Maximum allowed            ; 4           ;
;                            ;             ;
; Average used               ; 1.00        ;
; Maximum used               ; 4           ;
;                            ;             ;
; Usage by Processor         ; % Time Used ;
;     Processor 1            ; 100.0%      ;
;     Processors 2-4         ;   0.0%      ;
+----------------------------+-------------+


+--------------------------------------------------------------------------------------------------------------------------------------+
; Analysis & Synthesis Source Files Read                                                                                               ;
+----------------------------------+-----------------+-----------------+-----------------------------------------------------+---------+
; File Name with User-Entered Path ; Used in Netlist ; File Type       ; File Name with Absolute Path                        ; Library ;
+----------------------------------+-----------------+-----------------+-----------------------------------------------------+---------+
; fa.vhdl                          ; yes             ; User VHDL File  ; P:/DIC5-2022/5AHELS/009_adder7seg/fa.vhdl           ;         ;
; fa4.vhd                          ; yes             ; User VHDL File  ; P:/DIC5-2022/5AHELS/009_adder7seg/fa4.vhd           ;         ;
; clkdiv.vhd                       ; yes             ; User VHDL File  ; P:/DIC5-2022/5AHELS/009_adder7seg/clkdiv.vhd        ;         ;
; hex7seg.vhd                      ; yes             ; User VHDL File  ; P:/DIC5-2022/5AHELS/009_adder7seg/hex7seg.vhd       ;         ;
; main.vhd                         ; yes             ; User VHDL File  ; P:/DIC5-2022/5AHELS/009_adder7seg/main.vhd          ;         ;
; counter_N-bit.vhd                ; yes             ; User VHDL File  ; P:/DIC5-2022/5AHELS/009_adder7seg/counter_N-bit.vhd ;         ;
; decoder1of8.vhd                  ; yes             ; User VHDL File  ; P:/DIC5-2022/5AHELS/009_adder7seg/decoder1of8.vhd   ;         ;
; mux_quad_8to1.vhd                ; yes             ; User VHDL File  ; P:/DIC5-2022/5AHELS/009_adder7seg/mux_quad_8to1.vhd ;         ;
; servo_pwm.vhd                    ; yes             ; User VHDL File  ; P:/DIC5-2022/5AHELS/009_adder7seg/servo_pwm.vhd     ;         ;
; uart_rx.vhd                      ; yes             ; User VHDL File  ; P:/DIC5-2022/5AHELS/009_adder7seg/uart_rx.vhd       ;         ;
; rx_buffer.vhd                    ; yes             ; User VHDL File  ; P:/DIC5-2022/5AHELS/009_adder7seg/rx_buffer.vhd     ;         ;
+----------------------------------+-----------------+-----------------+-----------------------------------------------------+---------+


+----------------------------------------------------------+
; Analysis & Synthesis Resource Usage Summary              ;
+---------------------------------------------+------------+
; Resource                                    ; Usage      ;
+---------------------------------------------+------------+
; Estimated Total logic elements              ; 156        ;
;                                             ;            ;
; Total combinational functions               ; 131        ;
; Logic element usage by number of LUT inputs ;            ;
;     -- 4 input functions                    ; 45         ;
;     -- 3 input functions                    ; 32         ;
;     -- <=2 input functions                  ; 54         ;
;                                             ;            ;
; Logic elements by mode                      ;            ;
;     -- normal mode                          ; 79         ;
;     -- arithmetic mode                      ; 52         ;
;                                             ;            ;
; Total registers                             ; 79         ;
;     -- Dedicated logic registers            ; 79         ;
;     -- I/O registers                        ; 0          ;
;                                             ;            ;
; I/O pins                                    ; 27         ;
;                                             ;            ;
; Embedded Multiplier 9-bit elements          ; 0          ;
;                                             ;            ;
; Maximum fan-out node                        ; nClr~input ;
; Maximum fan-out                             ; 47         ;
; Total fan-out                               ; 670        ;
; Average fan-out                             ; 2.54       ;
+---------------------------------------------+------------+


+------------------------------------------------------------------------------------------------------------------------------------------------------------------------------------------------------------------------------+
; Analysis & Synthesis Resource Utilization by Entity                                                                                                                                                                          ;
+---------------------------------+---------------------+---------------------------+-------------+--------------+---------+-----------+------+--------------+----------------------------------+---------------+--------------+
; Compilation Hierarchy Node      ; Combinational ALUTs ; Dedicated Logic Registers ; Memory Bits ; DSP Elements ; DSP 9x9 ; DSP 18x18 ; Pins ; Virtual Pins ; Full Hierarchy Name              ; Entity Name   ; Library Name ;
+---------------------------------+---------------------+---------------------------+-------------+--------------+---------+-----------+------+--------------+----------------------------------+---------------+--------------+
; |main                           ; 131 (0)             ; 79 (0)                    ; 0           ; 0            ; 0       ; 0         ; 27   ; 0            ; |main                            ; main          ; work         ;
;    |clkdiv:clkdiv1|             ; 16 (16)             ; 16 (16)                   ; 0           ; 0            ; 0       ; 0         ; 0    ; 0            ; |main|clkdiv:clkdiv1             ; clkdiv        ; work         ;
;    |counterNbit:seg2bitCounter| ; 3 (3)               ; 3 (3)                     ; 0           ; 0            ; 0       ; 0         ; 0    ; 0            ; |main|counterNbit:seg2bitCounter ; counterNbit   ; work         ;
;    |decoder1of8:segDecoder|     ; 9 (9)               ; 0 (0)                     ; 0           ; 0            ; 0       ; 0         ; 0    ; 0            ; |main|decoder1of8:segDecoder     ; decoder1of8   ; work         ;
;    |fa4:adder4bit|              ; 6 (0)               ; 0 (0)                     ; 0           ; 0            ; 0       ; 0         ; 0    ; 0            ; |main|fa4:adder4bit              ; fa4           ; work         ;
;       |fa:fa2|                  ; 2 (2)               ; 0 (0)                     ; 0           ; 0            ; 0       ; 0         ; 0    ; 0            ; |main|fa4:adder4bit|fa:fa2       ; fa            ; work         ;
;       |fa:fa3|                  ; 2 (2)               ; 0 (0)                     ; 0           ; 0            ; 0       ; 0         ; 0    ; 0            ; |main|fa4:adder4bit|fa:fa3       ; fa            ; work         ;
;       |fa:fa4|                  ; 2 (2)               ; 0 (0)                     ; 0           ; 0            ; 0       ; 0         ; 0    ; 0            ; |main|fa4:adder4bit|fa:fa4       ; fa            ; work         ;
;    |hex7seg:hex7seg1|           ; 7 (7)               ; 0 (0)                     ; 0           ; 0            ; 0       ; 0         ; 0    ; 0            ; |main|hex7seg:hex7seg1           ; hex7seg       ; work         ;
;    |mux_quad_8to1:quadMux|      ; 19 (19)             ; 0 (0)                     ; 0           ; 0            ; 0       ; 0         ; 0    ; 0            ; |main|mux_quad_8to1:quadMux      ; mux_quad_8to1 ; work         ;
;    |rx_buffer:rxBuffer1|        ; 0 (0)               ; 16 (16)                   ; 0           ; 0            ; 0       ; 0         ; 0    ; 0            ; |main|rx_buffer:rxBuffer1        ; rx_buffer     ; work         ;
;    |servo_pwm:servoPWM1|        ; 36 (36)             ; 13 (13)                   ; 0           ; 0            ; 0       ; 0         ; 0    ; 0            ; |main|servo_pwm:servoPWM1        ; servo_pwm     ; work         ;
;    |uart_rx:uartRx|             ; 35 (35)             ; 31 (31)                   ; 0           ; 0            ; 0       ; 0         ; 0    ; 0            ; |main|uart_rx:uartRx             ; uart_rx       ; work         ;
+---------------------------------+---------------------+---------------------------+-------------+--------------+---------+-----------+------+--------------+----------------------------------+---------------+--------------+
Note: For table entries with two numbers listed, the numbers in parentheses indicate the number of resources of the given type used by the specific entity alone. The numbers listed outside of parentheses indicate the total resources of the given type used by the specific entity and all of its sub-entities in the hierarchy.


Encoding Type:  One-Hot
+-------------------------------------------------------------------------------------------------------+
; State Machine - |main|uart_rx:uartRx|state                                                            ;
+-----------------+-----------------+------------+-------------+-------------+-------------+------------+
; Name            ; state.DATAREADY ; state.STOP ; state.SHIFT ; state.DELAY ; state.START ; state.MARK ;
+-----------------+-----------------+------------+-------------+-------------+-------------+------------+
; state.MARK      ; 0               ; 0          ; 0           ; 0           ; 0           ; 0          ;
; state.START     ; 0               ; 0          ; 0           ; 0           ; 1           ; 1          ;
; state.DELAY     ; 0               ; 0          ; 0           ; 1           ; 0           ; 1          ;
; state.SHIFT     ; 0               ; 0          ; 1           ; 0           ; 0           ; 1          ;
; state.STOP      ; 0               ; 1          ; 0           ; 0           ; 0           ; 1          ;
; state.DATAREADY ; 1               ; 0          ; 0           ; 0           ; 0           ; 1          ;
+-----------------+-----------------+------------+-------------+-------------+-------------+------------+


+------------------------------------------------------------+
; Registers Removed During Synthesis                         ;
+---------------------------------------+--------------------+
; Register name                         ; Reason for Removal ;
+---------------------------------------+--------------------+
; clkdiv:clkdiv1|q[16..23]              ; Lost fanout        ;
; Total Number of Removed Registers = 8 ;                    ;
+---------------------------------------+--------------------+


+------------------------------------------------------+
; General Register Statistics                          ;
+----------------------------------------------+-------+
; Statistic                                    ; Value ;
+----------------------------------------------+-------+
; Total registers                              ; 79    ;
; Number of registers using Synchronous Clear  ; 25    ;
; Number of registers using Synchronous Load   ; 0     ;
; Number of registers using Asynchronous Clear ; 47    ;
; Number of registers using Asynchronous Load  ; 0     ;
; Number of registers using Clock Enable       ; 20    ;
; Number of registers using Preset             ; 0     ;
+----------------------------------------------+-------+


+---------------------------------------------------------------------------------------------------------------------------------------------------+
; Multiplexer Restructuring Statistics (Restructuring Performed)                                                                                    ;
+--------------------+-----------+---------------+----------------------+------------------------+------------+-------------------------------------+
; Multiplexer Inputs ; Bus Width ; Baseline Area ; Area if Restructured ; Saving if Restructured ; Registered ; Example Multiplexer Output          ;
+--------------------+-----------+---------------+----------------------+------------------------+------------+-------------------------------------+
; 6:1                ; 12 bits   ; 48 LEs        ; 12 LEs               ; 36 LEs                 ; Yes        ; |main|uart_rx:uartRx|baud_count[11] ;
; 3:1                ; 2 bits    ; 4 LEs         ; 2 LEs                ; 2 LEs                  ; No         ; |main|uart_rx:uartRx|state          ;
; 8:1                ; 3 bits    ; 15 LEs        ; 12 LEs               ; 3 LEs                  ; No         ; |main|mux_quad_8to1:quadMux|Mux1    ;
+--------------------+-----------+---------------+----------------------+------------------------+------------+-------------------------------------+


+-------------------------------------------------------------------------+
; Parameter Settings for User Entity Instance: counterNbit:seg2bitCounter ;
+----------------+-------+------------------------------------------------+
; Parameter Name ; Value ; Type                                           ;
+----------------+-------+------------------------------------------------+
; n              ; 3     ; Signed Integer                                 ;
+----------------+-------+------------------------------------------------+
Note: In order to hide this table in the UI and the text report file, please set the "Show Parameter Settings in Synthesis Report" option in "Analysis and Synthesis Settings -> More Settings" to "Off".


+-------------------------------------------------+
; Port Connectivity Checks: "servo_pwm:servoPWM1" ;
+--------+-------+----------+---------------------+
; Port   ; Type  ; Severity ; Details             ;
+--------+-------+----------+---------------------+
; clr    ; Input ; Info     ; Stuck at GND        ;
; enable ; Input ; Info     ; Stuck at VCC        ;
+--------+-------+----------+---------------------+


+--------------------------------------------------------+
; Port Connectivity Checks: "counterNbit:seg2bitCounter" ;
+------+-------+----------+------------------------------+
; Port ; Type  ; Severity ; Details                      ;
+------+-------+----------+------------------------------+
; clr  ; Input ; Info     ; Stuck at GND                 ;
+------+-------+----------+------------------------------+


+---------------------------------------------------+
; Port Connectivity Checks: "mux_quad_8to1:quadMux" ;
+-----------+-------+----------+--------------------+
; Port      ; Type  ; Severity ; Details            ;
+-----------+-------+----------+--------------------+
; in1[3..1] ; Input ; Info     ; Stuck at GND       ;
+-----------+-------+----------+--------------------+


+--------------------------------------------------------------------------------------------------------------------+
; Port Connectivity Checks: "clkdiv:clkdiv1"                                                                         ;
+----------+--------+----------+-------------------------------------------------------------------------------------+
; Port     ; Type   ; Severity ; Details                                                                             ;
+----------+--------+----------+-------------------------------------------------------------------------------------+
; clr      ; Input  ; Info     ; Stuck at GND                                                                        ;
; clk190hz ; Output ; Info     ; Connected to dangling logic. Logic that only feeds a dangling port will be removed. ;
; clk3hz   ; Output ; Info     ; Connected to dangling logic. Logic that only feeds a dangling port will be removed. ;
+----------+--------+----------+-------------------------------------------------------------------------------------+


+-------------------------------------------+
; Port Connectivity Checks: "fa4:adder4bit" ;
+------+-------+----------+-----------------+
; Port ; Type  ; Severity ; Details         ;
+------+-------+----------+-----------------+
; c_in ; Input ; Info     ; Stuck at GND    ;
+------+-------+----------+-----------------+


+----------------------------------------------------------------------------------------------------------------+
; Port Connectivity Checks: "uart_rx:uartRx"                                                                     ;
+------+--------+----------+-------------------------------------------------------------------------------------+
; Port ; Type   ; Severity ; Details                                                                             ;
+------+--------+----------+-------------------------------------------------------------------------------------+
; fe   ; Output ; Info     ; Connected to dangling logic. Logic that only feeds a dangling port will be removed. ;
+------+--------+----------+-------------------------------------------------------------------------------------+


+-----------------------------------------------------+
; Post-Synthesis Netlist Statistics for Top Partition ;
+-----------------------+-----------------------------+
; Type                  ; Count                       ;
+-----------------------+-----------------------------+
; boundary_port         ; 27                          ;
; cycloneiii_ff         ; 79                          ;
;     CLR               ; 27                          ;
;     ENA CLR           ; 8                           ;
;     ENA CLR SCLR      ; 12                          ;
;     SCLR              ; 13                          ;
;     plain             ; 19                          ;
; cycloneiii_lcell_comb ; 140                         ;
;     arith             ; 52                          ;
;         2 data inputs ; 42                          ;
;         3 data inputs ; 10                          ;
;     normal            ; 88                          ;
;         0 data inputs ; 1                           ;
;         1 data inputs ; 14                          ;
;         2 data inputs ; 6                           ;
;         3 data inputs ; 22                          ;
;         4 data inputs ; 45                          ;
;                       ;                             ;
; Max LUT depth         ; 7.00                        ;
; Average LUT depth     ; 3.13                        ;
+-----------------------+-----------------------------+


+-------------------------------+
; Elapsed Time Per Partition    ;
+----------------+--------------+
; Partition Name ; Elapsed Time ;
+----------------+--------------+
; Top            ; 00:00:01     ;
+----------------+--------------+


+-------------------------------+
; Analysis & Synthesis Messages ;
+-------------------------------+
Info: *******************************************************************
Info: Running Quartus Prime Analysis & Synthesis
    Info: Version 18.1.0 Build 625 09/12/2018 SJ Lite Edition
    Info: Processing started: Tue Jan 10 16:48:47 2023
Info: Command: quartus_map --read_settings_files=on --write_settings_files=off 009_adder7seg -c 009_adder7seg
Warning (18236): Number of processors has not been specified which may cause overloading on shared machines.  Set the global assignment NUM_PARALLEL_PROCESSORS in your QSF to an appropriate value for best performance.
Info (20030): Parallel compilation is enabled and will use 4 of the 4 processors detected
Info (12021): Found 2 design units, including 1 entities, in source file fa.vhdl
    Info (12022): Found design unit 1: fa-gate_level File: P:/DIC5-2022/5AHELS/009_adder7seg/fa.vhdl Line: 16
    Info (12023): Found entity 1: fa File: P:/DIC5-2022/5AHELS/009_adder7seg/fa.vhdl Line: 7
Info (12021): Found 2 design units, including 1 entities, in source file fa4.vhd
    Info (12022): Found design unit 1: fa4-behav File: P:/DIC5-2022/5AHELS/009_adder7seg/fa4.vhd Line: 16
    Info (12023): Found entity 1: fa4 File: P:/DIC5-2022/5AHELS/009_adder7seg/fa4.vhd Line: 5
Info (12021): Found 2 design units, including 1 entities, in source file clkdiv.vhd
    Info (12022): Found design unit 1: clkdiv-clkdiv File: P:/DIC5-2022/5AHELS/009_adder7seg/clkdiv.vhd Line: 26
    Info (12023): Found entity 1: clkdiv File: P:/DIC5-2022/5AHELS/009_adder7seg/clkdiv.vhd Line: 14
Info (12021): Found 2 design units, including 1 entities, in source file hex7seg.vhd
    Info (12022): Found design unit 1: hex7seg-arch File: P:/DIC5-2022/5AHELS/009_adder7seg/hex7seg.vhd Line: 12
    Info (12023): Found entity 1: hex7seg File: P:/DIC5-2022/5AHELS/009_adder7seg/hex7seg.vhd Line: 6
Info (12021): Found 2 design units, including 1 entities, in source file main.vhd
    Info (12022): Found design unit 1: main-main File: P:/DIC5-2022/5AHELS/009_adder7seg/main.vhd Line: 41
    Info (12023): Found entity 1: main File: P:/DIC5-2022/5AHELS/009_adder7seg/main.vhd Line: 24
Info (12021): Found 2 design units, including 1 entities, in source file counter_n-bit.vhd
    Info (12022): Found design unit 1: counterNbit-arch File: P:/DIC5-2022/5AHELS/009_adder7seg/counter_N-bit.vhd Line: 18
    Info (12023): Found entity 1: counterNbit File: P:/DIC5-2022/5AHELS/009_adder7seg/counter_N-bit.vhd Line: 10
Info (12021): Found 2 design units, including 1 entities, in source file decoder1of8.vhd
    Info (12022): Found design unit 1: decoder1of8-arch File: P:/DIC5-2022/5AHELS/009_adder7seg/decoder1of8.vhd Line: 12
    Info (12023): Found entity 1: decoder1of8 File: P:/DIC5-2022/5AHELS/009_adder7seg/decoder1of8.vhd Line: 6
Info (12021): Found 2 design units, including 1 entities, in source file mux_quad_8to1.vhd
    Info (12022): Found design unit 1: mux_quad_8to1-arch File: P:/DIC5-2022/5AHELS/009_adder7seg/mux_quad_8to1.vhd Line: 23
    Info (12023): Found entity 1: mux_quad_8to1 File: P:/DIC5-2022/5AHELS/009_adder7seg/mux_quad_8to1.vhd Line: 9
Info (12021): Found 2 design units, including 1 entities, in source file servo_pwm.vhd
    Info (12022): Found design unit 1: servo_pwm-servo_pwm_a File: P:/DIC5-2022/5AHELS/009_adder7seg/servo_pwm.vhd Line: 27
    Info (12023): Found entity 1: servo_pwm File: P:/DIC5-2022/5AHELS/009_adder7seg/servo_pwm.vhd Line: 18
Info (12021): Found 2 design units, including 1 entities, in source file uart_rx.vhd
    Info (12022): Found design unit 1: uart_rx-uart_rx_arch File: P:/DIC5-2022/5AHELS/009_adder7seg/uart_rx.vhd Line: 21
    Info (12023): Found entity 1: uart_rx File: P:/DIC5-2022/5AHELS/009_adder7seg/uart_rx.vhd Line: 9
Info (12021): Found 2 design units, including 1 entities, in source file rx_buffer.vhd
    Info (12022): Found design unit 1: rx_buffer-rx_buffer_arch File: P:/DIC5-2022/5AHELS/009_adder7seg/rx_buffer.vhd Line: 18
    Info (12023): Found entity 1: rx_buffer File: P:/DIC5-2022/5AHELS/009_adder7seg/rx_buffer.vhd Line: 5
Info (12127): Elaborating entity "main" for the top level hierarchy
Info (12128): Elaborating entity "rx_buffer" for hierarchy "rx_buffer:rxBuffer1" File: P:/DIC5-2022/5AHELS/009_adder7seg/main.vhd Line: 161
Warning (10492): VHDL Process Statement warning at rx_buffer.vhd(28): signal "clr" is read inside the Process Statement but isn't in the Process Statement's sensitivity list File: P:/DIC5-2022/5AHELS/009_adder7seg/rx_buffer.vhd Line: 28
Info (12128): Elaborating entity "uart_rx" for hierarchy "uart_rx:uartRx" File: P:/DIC5-2022/5AHELS/009_adder7seg/main.vhd Line: 173
Info (12128): Elaborating entity "fa4" for hierarchy "fa4:adder4bit" File: P:/DIC5-2022/5AHELS/009_adder7seg/main.vhd Line: 187
Info (12128): Elaborating entity "fa" for hierarchy "fa4:adder4bit|fa:fa1" File: P:/DIC5-2022/5AHELS/009_adder7seg/fa4.vhd Line: 31
Info (12128): Elaborating entity "clkdiv" for hierarchy "clkdiv:clkdiv1" File: P:/DIC5-2022/5AHELS/009_adder7seg/main.vhd Line: 197
Info (12128): Elaborating entity "mux_quad_8to1" for hierarchy "mux_quad_8to1:quadMux" File: P:/DIC5-2022/5AHELS/009_adder7seg/main.vhd Line: 208
Info (12128): Elaborating entity "hex7seg" for hierarchy "hex7seg:hex7seg1" File: P:/DIC5-2022/5AHELS/009_adder7seg/main.vhd Line: 221
Info (12128): Elaborating entity "counterNbit" for hierarchy "counterNbit:seg2bitCounter" File: P:/DIC5-2022/5AHELS/009_adder7seg/main.vhd Line: 227
Info (12128): Elaborating entity "decoder1of8" for hierarchy "decoder1of8:segDecoder" File: P:/DIC5-2022/5AHELS/009_adder7seg/main.vhd Line: 235
Info (12128): Elaborating entity "servo_pwm" for hierarchy "servo_pwm:servoPWM1" File: P:/DIC5-2022/5AHELS/009_adder7seg/main.vhd Line: 243
Info (286030): Timing-Driven Synthesis is running
Info (17049): 8 registers lost all their fanouts during netlist optimizations.
Info (16010): Generating hard_block partition "hard_block:auto_generated_inst"
    Info (16011): Adding 0 node(s), including 0 DDIO, 0 PLL, 0 transceiver and 0 LCELL
Info (21057): Implemented 183 device resources after synthesis - the final resource count might be different
    Info (21058): Implemented 11 input pins
    Info (21059): Implemented 16 output pins
    Info (21061): Implemented 156 logic cells
Info: Quartus Prime Analysis & Synthesis was successful. 0 errors, 2 warnings
    Info: Peak virtual memory: 4783 megabytes
    Info: Processing ended: Tue Jan 10 16:49:09 2023
    Info: Elapsed time: 00:00:22
    Info: Total CPU time (on all processors): 00:00:29


